{"/Users/soultech/andeladev/storemanager-frontend/src/routes/index.js": {"path":"/Users/soultech/andeladev/storemanager-frontend/src/routes/index.js","statementMap":{"0":{"start":{"line":5,"column":15},"end":{"line":12,"column":1}},"1":{"start":{"line":6,"column":4},"end":{"line":11,"column":13}},"2":{"start":{"line":9,"column":60},"end":{"line":9,"column":82}}},"fnMap":{"0":{"name":"(anonymous_0)","decl":{"start":{"line":5,"column":15},"end":{"line":5,"column":16}},"loc":{"start":{"line":6,"column":4},"end":{"line":11,"column":13}},"line":6},"1":{"name":"(anonymous_1)","decl":{"start":{"line":9,"column":53},"end":{"line":9,"column":54}},"loc":{"start":{"line":9,"column":60},"end":{"line":9,"column":82}},"line":9}},"branchMap":{},"s":{"0":0,"1":0,"2":0},"f":{"0":0,"1":0},"b":{}}
,"/Users/soultech/andeladev/storemanager-frontend/src/views/App.jsx": {"path":"/Users/soultech/andeladev/storemanager-frontend/src/views/App.jsx","statementMap":{"0":{"start":{"line":3,"column":12},"end":{"line":11,"column":1}},"1":{"start":{"line":4,"column":4},"end":{"line":10,"column":10}}},"fnMap":{"0":{"name":"(anonymous_0)","decl":{"start":{"line":3,"column":12},"end":{"line":3,"column":13}},"loc":{"start":{"line":4,"column":4},"end":{"line":10,"column":10}},"line":4}},"branchMap":{},"s":{"0":1,"1":1},"f":{"0":1},"b":{},"_coverageSchema":"43e27e138ebf9cfc5966b082cf9a028302ed4184","hash":"fc345bee5e24012da804536239efbef26a643c85"}
}
